num_seq = 1
file name: dataset-MH01_mono_inertial
Loading images for sequence 0...LOADED!
Loading IMU for sequence 0...LOADED!

ORB-SLAM3 Copyright (C) 2017-2020 Carlos Campos, Richard Elvira, Juan J. Gómez, José M.M. Montiel and Juan D. Tardós, University of Zaragoza.
ORB-SLAM2 Copyright (C) 2014-2016 Raúl Mur-Artal, José M.M. Montiel and Juan D. Tardós, University of Zaragoza.
This program comes with ABSOLUTELY NO WARRANTY;
This is free software, and you are welcome to redistribute it
under certain conditions. See LICENSE.txt.

Input sensor was set to: Monocular-Inertial
Loading settings from ./Examples/Monocular-Inertial/EuRoC.yaml
Camera1.k3 optional parameter does not exist...
	-Loaded camera 1
	-Loaded image info
IMU.InsertKFsWhenLost optional parameter does not exist...
	-Loaded IMU calibration
	-Loaded ORB settings
Viewer.imageViewScale optional parameter does not exist...
	-Loaded viewer settings
System.LoadAtlasFromFile optional parameter does not exist...
System.SaveAtlasToFile optional parameter does not exist...
	-Loaded Atlas settings
System.thFarPoints optional parameter does not exist...
	-Loaded misc parameters
----------------------------------
SLAM settings: 
	-Camera 1 parameters (Pinhole): [ 458.65399169921875 457.29598999023438 367.21499633789062 248.375 ]
	-Camera 1 distortion parameters: [  -0.28340810537338257 0.073959067463874817 0.00019359000725671649 1.7618711353861727e-05 ]
	-Original image size: [ 752 , 480 ]
	-Current image size: [ 600 , 350 ]
	-Camera 1 parameters after resize: [  365.94735717773438 333.44500732421875 292.99069213867188 181.10678100585938 ]
	-Sequence FPS: 20
	-Gyro noise: 0.00016999999934341758
	-Accelerometer noise: 0.0020000000949949026
	-Gyro walk: 1.9392999092815444e-05
	-Accelerometer walk: 0.0030000000260770321
	-IMU frequency: 200
	-Features per image: 1000
	-ORB scale factor: 1.2000000476837158
	-ORB number of scales: 8
	-Initial FAST threshold: 20
	-Min FAST threshold: 7


Loading ORB Vocabulary. This could take a while...
Vocabulary loaded!

Initialization of Atlas from scratch 
Creation of new map with id: 0
Creation of new map with last KF id: 0
Seq. Name: 
There are 1 cameras in the atlas
Camera 0 is pinhole
Starting the Viewer
First KF:0; Map init KF:0
New Map created with 271 points
Fail to track local map!
IMU is not or recently initialized. Reseting active map...
SYSTEM-> Reseting active map in monocular case
LM: Active map reset recieved
LM: Active map reset, waiting...
LM: Reseting current map in Local Mapping...
LM: End reseting Local Mapping...
LM: Reset free the mutex
LM: Active map reset, Done!!!
mnFirstFrameId = 3
mnInitialFrameId = 0
12 Frames set to lost
First KF:4; Map init KF:0
New Map created with 200 points
Fail to track local map!
IMU is not or recently initialized. Reseting active map...
SYSTEM-> Reseting active map in monocular case
LM: Active map reset recieved
LM: Active map reset, waiting...
LM: Reseting current map in Local Mapping...
LM: End reseting Local Mapping...
LM: Reset free the mutex
LM: Active map reset, Done!!!
mnFirstFrameId = 23
mnInitialFrameId = 14
16 Frames set to lost
First KF:6; Map init KF:4
New Map created with 383 points
Fail to track local map!
IMU is not or recently initialized. Reseting active map...
SYSTEM-> Reseting active map in monocular case
LM: Active map reset recieved
LM: Active map reset, waiting...
LM: Reseting current map in Local Mapping...
LM: End reseting Local Mapping...
LM: Reset free the mutex
LM: Active map reset, Done!!!
mnFirstFrameId = 28
mnInitialFrameId = 26
33 Frames set to lost
First KF:11; Map init KF:6
New Map created with 174 points
Fail to track local map!
IMU is not or recently initialized. Reseting active map...
SYSTEM-> Reseting active map in monocular case
LM: Active map reset recieved
LM: Active map reset, waiting...
LM: Reseting current map in Local Mapping...
LM: End reseting Local Mapping...
LM: Reset free the mutex
LM: Active map reset, Done!!!
mnFirstFrameId = 46
mnInitialFrameId = 44
48 Frames set to lost
First KF:15; Map init KF:11
New Map created with 327 points
Fail to track local map!
IMU is not or recently initialized. Reseting active map...
SYSTEM-> Reseting active map in monocular case
LM: Active map reset recieved
LM: Active map reset, waiting...
LM: Reseting current map in Local Mapping...
LM: End reseting Local Mapping...
LM: Reset free the mutex
LM: Active map reset, Done!!!
mnFirstFrameId = 62
mnInitialFrameId = 60
53 Frames set to lost
First KF:17; Map init KF:15
New Map created with 449 points
Fail to track local map!
IMU is not or recently initialized. Reseting active map...
SYSTEM-> Reseting active map in monocular case
LM: Active map reset recieved
LM: Active map reset, waiting...
LM: Reseting current map in Local Mapping...
LM: End reseting Local Mapping...
LM: Reset free the mutex
LM: Active map reset, Done!!!
mnFirstFrameId = 71
mnInitialFrameId = 66
65 Frames set to lost
First KF:21; Map init KF:17
New Map created with 139 points
Fail to track local map!
IMU is not or recently initialized. Reseting active map...
SYSTEM-> Reseting active map in monocular case
LM: Active map reset recieved
LM: Active map reset, waiting...
LM: Reseting current map in Local Mapping...
LM: End reseting Local Mapping...
LM: Reset free the mutex
LM: Active map reset, Done!!!
mnFirstFrameId = 85
mnInitialFrameId = 82
75 Frames set to lost
First KF:24; Map init KF:21
New Map created with 382 points
Not enough motion for initializing. Reseting...
TRACK: Reset map because local mapper set the bad imu flag 
LM: Reseting current map in Local Mapping...
LM: End reseting Local Mapping...
LM: Reset free the mutex
SYSTEM-> Reseting active map in monocular case
LM: Active map reset recieved
LM: Active map reset, waiting...
LM: Reseting current map in Local Mapping...
LM: End reseting Local Mapping...
LM: Reset free the mutex
LM: Active map reset, Done!!!
mnFirstFrameId = 96
mnInitialFrameId = 94
153 Frames set to lost
First KF:56; Map init KF:24
New Map created with 437 points
Fail to track local map!
IMU is not or recently initialized. Reseting active map...
SYSTEM-> Reseting active map in monocular case
LM: Active map reset recieved
LM: Active map reset, waiting...
LM: Reseting current map in Local Mapping...
LM: End reseting Local Mapping...
LM: Reset free the mutex
LM: Active map reset, Done!!!
mnFirstFrameId = 177
mnInitialFrameId = 174
175 Frames set to lost
First KF:61; Map init KF:56
New Map created with 380 points
Fail to track local map!
IMU is not or recently initialized. Reseting active map...
SYSTEM-> Reseting active map in monocular case
LM: Active map reset recieved
LM: Active map reset, waiting...
LM: Reseting current map in Local Mapping...
LM: End reseting Local Mapping...
LM: Reset free the mutex
LM: Active map reset, Done!!!
mnFirstFrameId = 200
mnInitialFrameId = 198
207 Frames set to lost
First KF:69; Map init KF:61
New Map created with 474 points
virtual int g2o::SparseOptimizer::optimize(int, bool): 0 vertices to optimize, maybe forgot to call initializeOptimization()
Fail to track local map!
IMU is not or recently initialized. Reseting active map...
SYSTEM-> Reseting active map in monocular case
LM: Active map reset recieved
LM: Active map reset, waiting...
LM: Reseting current map in Local Mapping...
LM: End reseting Local Mapping...
LM: Reset free the mutex
LM: Active map reset, Done!!!
mnFirstFrameId = 233
mnInitialFrameId = 231
240 Frames set to lost
First KF:77; Map init KF:69
New Map created with 237 points
Fail to track local map!
IMU is not or recently initialized. Reseting active map...
SYSTEM-> Reseting active map in monocular case
LM: Active map reset recieved
LM: Active map reset, waiting...
LM: Reseting current map in Local Mapping...
LM: End reseting Local Mapping...
LM: Reset free the mutex
LM: Active map reset, Done!!!
mnFirstFrameId = 267
mnInitialFrameId = 265
244 Frames set to lost
First KF:79; Map init KF:77
New Map created with 302 points
Fail to track local map!
IMU is not or recently initialized. Reseting active map...
SYSTEM-> Reseting active map in monocular case
LM: Active map reset recieved
LM: Active map reset, waiting...
LM: Reseting current map in Local Mapping...
LM: End reseting Local Mapping...
LM: Reset free the mutex
LM: Active map reset, Done!!!
mnFirstFrameId = 272
mnInitialFrameId = 270
254 Frames set to lost
First KF:82; Map init KF:79
New Map created with 318 points
Fail to track local map!
IMU is not or recently initialized. Reseting active map...
SYSTEM-> Reseting active map in monocular case
LM: Active map reset recieved
LM: Active map reset, waiting...
LM: Reseting current map in Local Mapping...
LM: End reseting Local Mapping...
LM: Reset free the mutex
LM: Active map reset, Done!!!
mnFirstFrameId = 283
mnInitialFrameId = 281
259 Frames set to lost
First KF:84; Map init KF:82
New Map created with 314 points
Fail to track local map!
IMU is not or recently initialized. Reseting active map...
SYSTEM-> Reseting active map in monocular case
LM: Active map reset recieved
LM: Active map reset, waiting...
LM: Reseting current map in Local Mapping...
LM: End reseting Local Mapping...
LM: Reset free the mutex
LM: Active map reset, Done!!!
mnFirstFrameId = 295
mnInitialFrameId = 287
263 Frames set to lost
First KF:86; Map init KF:84
New Map created with 181 points
Fail to track local map!
IMU is not or recently initialized. Reseting active map...
SYSTEM-> Reseting active map in monocular case
LM: Active map reset recieved
LM: Active map reset, waiting...
LM: Reseting current map in Local Mapping...
LM: End reseting Local Mapping...
LM: Reset free the mutex
LM: Active map reset, Done!!!
mnFirstFrameId = 314
mnInitialFrameId = 298
273 Frames set to lost
First KF:89; Map init KF:86
New Map created with 346 points
Fail to track local map!
IMU is not or recently initialized. Reseting active map...
SYSTEM-> Reseting active map in monocular case
LM: Active map reset recieved
LM: Active map reset, waiting...
LM: Reseting current map in Local Mapping...
LM: End reseting Local Mapping...
LM: Reset free the mutex
LM: Active map reset, Done!!!
mnFirstFrameId = 331
mnInitialFrameId = 323
278 Frames set to lost
First KF:91; Map init KF:89
New Map created with 365 points
Fail to track local map!
IMU is not or recently initialized. Reseting active map...
SYSTEM-> Reseting active map in monocular case
LM: Active map reset recieved
LM: Active map reset, waiting...
LM: Reseting current map in Local Mapping...
LM: End reseting Local Mapping...
LM: Reset free the mutex
LM: Active map reset, Done!!!
mnFirstFrameId = 337
mnInitialFrameId = 335
294 Frames set to lost
First KF:95; Map init KF:91
New Map created with 265 points
Fail to track local map!
IMU is not or recently initialized. Reseting active map...
SYSTEM-> Reseting active map in monocular case
LM: Active map reset recieved
LM: Active map reset, waiting...
LM: Reseting current map in Local Mapping...
LM: End reseting Local Mapping...
LM: Reset free the mutex
LM: Active map reset, Done!!!
mnFirstFrameId = 354
mnInitialFrameId = 352
301 Frames set to lost
First KF:98; Map init KF:95
New Map created with 307 points
Fail to track local map!
IMU is not or recently initialized. Reseting active map...
SYSTEM-> Reseting active map in monocular case
LM: Active map reset recieved
LM: Active map reset, waiting...
LM: Reseting current map in Local Mapping...
LM: End reseting Local Mapping...
LM: Reset free the mutex
LM: Active map reset, Done!!!
mnFirstFrameId = 362
mnInitialFrameId = 360
305 Frames set to lost
First KF:100; Map init KF:98
New Map created with 270 points
Fail to track local map!
IMU is not or recently initialized. Reseting active map...
SYSTEM-> Reseting active map in monocular case
LM: Active map reset recieved
LM: Active map reset, waiting...
LM: Reseting current map in Local Mapping...
LM: End reseting Local Mapping...
LM: Reset free the mutex
LM: Active map reset, Done!!!
mnFirstFrameId = 367
mnInitialFrameId = 365
338 Frames set to lost
First KF:108; Map init KF:100
New Map created with 218 points
Fail to track local map!
IMU is not or recently initialized. Reseting active map...
SYSTEM-> Reseting active map in monocular case
LM: Active map reset recieved
LM: Active map reset, waiting...
LM: Reseting current map in Local Mapping...
LM: End reseting Local Mapping...
LM: Reset free the mutex
LM: Active map reset, Done!!!
mnFirstFrameId = 403
mnInitialFrameId = 399
340 Frames set to lost
