nohup: ignoring input
num_seq = 1
file name: dataset-V101_mono_inertial
Loading images for sequence 0...LOADED!
Loading IMU for sequence 0...LOADED!

ORB-SLAM3 Copyright (C) 2017-2020 Carlos Campos, Richard Elvira, Juan J. Gómez, José M.M. Montiel and Juan D. Tardós, University of Zaragoza.
ORB-SLAM2 Copyright (C) 2014-2016 Raúl Mur-Artal, José M.M. Montiel and Juan D. Tardós, University of Zaragoza.
This program comes with ABSOLUTELY NO WARRANTY;
This is free software, and you are welcome to redistribute it
under certain conditions. See LICENSE.txt.

Input sensor was set to: Monocular-Inertial
Loading settings from ./Examples/Monocular-Inertial/EuRoC.yaml
Camera1.k3 optional parameter does not exist...
	-Loaded camera 1
	-Loaded image info
IMU.InsertKFsWhenLost optional parameter does not exist...
	-Loaded IMU calibration
	-Loaded ORB settings
Viewer.imageViewScale optional parameter does not exist...
	-Loaded viewer settings
System.LoadAtlasFromFile optional parameter does not exist...
System.SaveAtlasToFile optional parameter does not exist...
	-Loaded Atlas settings
System.thFarPoints optional parameter does not exist...
	-Loaded misc parameters
----------------------------------
SLAM settings: 
	-Camera 1 parameters (Pinhole): [ 458.65399169921875 457.29598999023438 367.21499633789062 248.375 ]
	-Camera 1 distortion parameters: [  -0.28340810537338257 0.073959067463874817 0.00019359000725671649 1.7618711353861727e-05 ]
	-Original image size: [ 752 , 480 ]
	-Current image size: [ 600 , 350 ]
	-Camera 1 parameters after resize: [  365.94735717773438 333.44500732421875 292.99069213867188 181.10678100585938 ]
	-Sequence FPS: 20
	-Gyro noise: 0.00016999999934341758
	-Accelerometer noise: 0.0020000000949949026
	-Gyro walk: 1.9392999092815444e-05
	-Accelerometer walk: 0.0030000000260770321
	-IMU frequency: 200
	-Features per image: 1000
	-ORB scale factor: 1.2000000476837158
	-ORB number of scales: 8
	-Initial FAST threshold: 20
	-Min FAST threshold: 7


Loading ORB Vocabulary. This could take a while...
Vocabulary loaded!

Initialization of Atlas from scratch 
Creation of new map with id: 0
Creation of new map with last KF id: 0
Seq. Name: 
There are 1 cameras in the atlas
Camera 0 is pinhole
Starting the Viewer
First KF:0; Map init KF:0
New Map created with 487 points
start VIBA 1
end VIBA 1
start VIBA 2
end VIBA 2
Shutdown

Saving trajectory to f_dataset-V101_mono_inertial.txt ...
There are 1 maps in the atlas
  Map 0 has 302 KFs

End of saving trajectory to f_dataset-V101_mono_inertial.txt ...

Saving keyframe trajectory to kf_dataset-V101_mono_inertial.txt ...
